{
  "stats": {
    "suites": 1,
    "tests": 9,
    "passes": 9,
    "pending": 0,
    "failures": 0,
    "start": "2024-04-02T19:00:45.107Z",
    "end": "2024-04-02T19:01:02.798Z",
    "duration": 17691,
    "testsRegistered": 9,
    "passPercent": 100,
    "pendingPercent": 0,
    "other": 0,
    "hasOther": false,
    "skipped": 0,
    "hasSkipped": false
  },
  "results": [
    {
      "uuid": "405c7d81-fe6a-49fb-88e1-2c4a79dd4fda",
      "title": "",
      "fullFile": "cypress/e2e/test.cy.js",
      "file": "cypress/e2e/test.cy.js",
      "beforeHooks": [],
      "afterHooks": [],
      "tests": [],
      "suites": [
        {
          "uuid": "50d4582b-771d-419c-93cc-e8e2f4cdb2ef",
          "title": "template spec",
          "fullFile": "",
          "file": "",
          "beforeHooks": [],
          "afterHooks": [],
          "tests": [
            {
              "title": "CM001-Loan Amount and Period Fields Display and Editability Verification",
              "fullTitle": "template spec CM001-Loan Amount and Period Fields Display and Editability Verification",
              "timedOut": null,
              "duration": 4692,
              "state": "passed",
              "speed": "fast",
              "pass": true,
              "fail": false,
              "pending": false,
              "context": null,
              "code": "checkCalculatorModalVisibility();\n// Verify that the loan amount field is displayed and editable\nLoanAmountField().should('be.visible').clear().type('7200').should('have.value', '7200');\n// Verify that the loan period field is displayed and editable\nLoanPeriodField().should('be.visible').clear().type('72').should('have.value', '72');\n// Click anywhere in the calculator window to apply the changes\nclickAnywhereInCalculatorWindow();\n// Verify that the new monthly payment is automatically calculated\nMonthlyPayment().should('contain', '€152.12');",
              "err": {},
              "uuid": "4ebbea76-0383-4187-b983-1b43f7df027e",
              "parentUUID": "50d4582b-771d-419c-93cc-e8e2f4cdb2ef",
              "isHook": false,
              "skipped": false
            },
            {
              "title": "CM002 - Loan Amount and Period Adjustment Verification",
              "fullTitle": "template spec CM002 - Loan Amount and Period Adjustment Verification",
              "timedOut": null,
              "duration": 1722,
              "state": "passed",
              "speed": "fast",
              "pass": true,
              "fail": false,
              "pending": false,
              "context": null,
              "code": "checkCalculatorModalVisibility();\nconst loanAmountSlider = '.bb-calculator__amount-slider';\nconst loanPeriodSlider = '.bb-calculator__period-slider';\n// Verify that the loan amount slider is displayed and functional\ncy.get(loanAmountSlider).should('be.visible');\n// Verify that the loan period slider is displayed and functional\ncy.get(loanPeriodSlider).should('be.visible');\nconst adjustSlider = (sliderSelector, value) => {\n  cy.get(sliderSelector).then($slider => {\n    const $input = $slider.find('input');\n    cy.wrap($input).clear().type(value).trigger('change');\n  });\n};\n// Adjust the loan amount slider to 7200\nadjustSlider(loanAmountSlider, '7200');\n// Adjust the loan period slider to 72 months\nadjustSlider(loanPeriodSlider, '72');\n// Click anywhere in the calculator window to apply the changes\nclickAnywhereInCalculatorWindow();\n// Verify that the new monthly payment is automatically calculated\nMonthlyPayment().should('contain', '€152.12');",
              "err": {},
              "uuid": "b447dd72-e07b-42fc-b0e1-9defdb52d923",
              "parentUUID": "50d4582b-771d-419c-93cc-e8e2f4cdb2ef",
              "isHook": false,
              "skipped": false
            },
            {
              "title": "CM003 - Validation of Calculation Accuracy",
              "fullTitle": "template spec CM003 - Validation of Calculation Accuracy",
              "timedOut": null,
              "duration": 306,
              "state": "passed",
              "speed": "fast",
              "pass": true,
              "fail": false,
              "pending": false,
              "context": null,
              "code": "checkCalculatorModalVisibility();\n// Verify default loan amount and period\nLoanAmountField().should('have.value', '5,000');\nLoanPeriodField().should('have.value', '60');\n// Calculate expected monthly payment and APRC\nconst loanAmount = 5000;\nconst loanPeriod = 60;\nconst interestRate = 13.8;\n// Monthly Payment Calculation\nconst monthlyInterestRate = interestRate / 100 / 12;\nconst monthlyPayment = loanAmount * monthlyInterestRate / (1 - Math.pow(1 + monthlyInterestRate, -loanPeriod));\nconst monthlyPaymentFormatted = monthlyPayment.toFixed(2); // Format to two decimal places\n// Verify that the calculated monthly payment matches the displayed value\nMonthlyPayment().should('contain', monthlyPaymentFormatted);",
              "err": {},
              "uuid": "515a5601-6f48-4083-b829-ef5075ae8419",
              "parentUUID": "50d4582b-771d-419c-93cc-e8e2f4cdb2ef",
              "isHook": false,
              "skipped": false
            },
            {
              "title": "CM004 - Verify Loan Amount Field Restrictions",
              "fullTitle": "template spec CM004 - Verify Loan Amount Field Restrictions",
              "timedOut": null,
              "duration": 1443,
              "state": "passed",
              "speed": "fast",
              "pass": true,
              "fail": false,
              "pending": false,
              "context": null,
              "code": "checkCalculatorModalVisibility();\nLoanAmountField().click().type('AbcDsa').should('not.contain', 'AbcDsa').type('!#%&/&(/)=-').should('not.contain', '!#%&/&(/)=-');\nclickAnywhereInCalculatorWindow();\nLoanAmountField().clear().type('AbcDsa').should('not.contain', 'AbcDsa').type('!#%&/&(/)=-').should('not.contain', '!#%&/&(/)=-').type('-10').should('not.contain', '-10');\nclickAnywhereInCalculatorWindow();\nLoanAmountField().should('have.value', '500');",
              "err": {},
              "uuid": "7a9c732d-beb4-4673-83ae-a72fd1cb47bd",
              "parentUUID": "50d4582b-771d-419c-93cc-e8e2f4cdb2ef",
              "isHook": false,
              "skipped": false
            },
            {
              "title": "CM005 - Verify Loan Period Field Restrictions",
              "fullTitle": "template spec CM005 - Verify Loan Period Field Restrictions",
              "timedOut": null,
              "duration": 2156,
              "state": "passed",
              "speed": "fast",
              "pass": true,
              "fail": false,
              "pending": false,
              "context": null,
              "code": "checkCalculatorModalVisibility();\nLoanPeriodField().click().type('AbcDsa').should('not.contain', 'AbcDsa').type('!#%&/&(/)=-').should('not.contain', '!#%&/&(/)=-');\nclickAnywhereInCalculatorWindow();\nLoanPeriodField().clear().type('AbcDsa').should('not.contain', 'AbcDsa').type('!#%&/&(/)=-').should('not.contain', '!#%&/&(/)=-').type('-10').should('not.contain', '-10');\nclickAnywhereInCalculatorWindow();\nLoanPeriodField().should('have.value', '10');",
              "err": {},
              "uuid": "a2ae7178-4958-4efe-ad52-35522673c2f4",
              "parentUUID": "50d4582b-771d-419c-93cc-e8e2f4cdb2ef",
              "isHook": false,
              "skipped": false
            },
            {
              "title": "CM006 - Verify Loan Amount Field Boundary Conditions",
              "fullTitle": "template spec CM006 - Verify Loan Amount Field Boundary Conditions",
              "timedOut": null,
              "duration": 1490,
              "state": "passed",
              "speed": "fast",
              "pass": true,
              "fail": false,
              "pending": false,
              "context": null,
              "code": "checkCalculatorModalVisibility();\n//Attempt to enter a loan amount less than the minimum allowable amount\nLoanAmountField().clear().type('399').should('not.contain', '399');\nclickAnywhereInCalculatorWindow();\n//Attempt to enter a loan amount greater than the maximum allowable amount\nLoanAmountField().should('have.value', '500').clear().type('35000').should('not.contain', '35000');\nclickAnywhereInCalculatorWindow();\nLoanAmountField().should('have.value', '30,000').clear().type('5000'); //Verify if the system accepts the input within allowable range\nclickAnywhereInCalculatorWindow();\nLoanAmountField().should('have.value', '5,000');",
              "err": {},
              "uuid": "273a1fba-4e8e-43cc-95d4-66dbf7948784",
              "parentUUID": "50d4582b-771d-419c-93cc-e8e2f4cdb2ef",
              "isHook": false,
              "skipped": false
            },
            {
              "title": "CM007 - Verify Loan Period Field Boundary Conditions",
              "fullTitle": "template spec CM007 - Verify Loan Period Field Boundary Conditions",
              "timedOut": null,
              "duration": 2246,
              "state": "passed",
              "speed": "fast",
              "pass": true,
              "fail": false,
              "pending": false,
              "context": null,
              "code": "checkCalculatorModalVisibility();\n//Attempt to enter a loan period less than the minimum allowable period \nLoanPeriodField().clear().type('5').should('not.contain', '5');\nclickAnywhereInCalculatorWindow();\n//Attempt to enter a loan period greater than the maximum allowable period\nLoanPeriodField().should('have.value', '6').clear().type('121').should('not.contain', '121');\nclickAnywhereInCalculatorWindow();\nLoanPeriodField().should('have.value', '120').clear().type('60'); //Verify if the system accepts the input within allowable range\nclickAnywhereInCalculatorWindow();\nLoanPeriodField().should('have.value', '60');",
              "err": {},
              "uuid": "7eeb2666-b581-4c3c-891f-2b08f26816b5",
              "parentUUID": "50d4582b-771d-419c-93cc-e8e2f4cdb2ef",
              "isHook": false,
              "skipped": false
            },
            {
              "title": "CM008 - Verify Saving Changes in Loan Calculator",
              "fullTitle": "template spec CM008 - Verify Saving Changes in Loan Calculator",
              "timedOut": null,
              "duration": 1238,
              "state": "passed",
              "speed": "fast",
              "pass": true,
              "fail": false,
              "pending": false,
              "context": null,
              "code": "checkCalculatorModalVisibility();\nLoanAmountField().clear().type('8000');\nLoanPeriodField().clear().type('82');\nclickAnywhereInCalculatorWindow();\n//Verify if the changes are reflected in the calculator interface immediately without saving\nLoanAmountField().should('have.value', '8,000');\nLoanPeriodField().should('have.value', '82');\nclickSaveButton();\nLoanAmountBadge().should('contain', '8000').click();\ncheckCalculatorModalVisibility();\n//Check if the previously saved loan parameters are still retained.\nLoanAmountField().should('have.value', '8,000');\nLoanPeriodField().should('have.value', '82');",
              "err": {},
              "uuid": "9db9270a-4636-489f-aaf6-980c706a1fe6",
              "parentUUID": "50d4582b-771d-419c-93cc-e8e2f4cdb2ef",
              "isHook": false,
              "skipped": false
            },
            {
              "title": "CM009 - Verify Loan Period Field Boundary Conditions",
              "fullTitle": "template spec CM009 - Verify Loan Period Field Boundary Conditions",
              "timedOut": null,
              "duration": 1254,
              "state": "passed",
              "speed": "fast",
              "pass": true,
              "fail": false,
              "pending": false,
              "context": null,
              "code": "checkCalculatorModalVisibility();\nLoanAmountField().clear().type('8000');\nLoanPeriodField().clear().type('82');\nclickAnywhereInCalculatorWindow();\n//Verify if the changes are reflected in the calculator interface immediately without saving\nLoanAmountField().should('have.value', '8,000');\nLoanPeriodField().should('have.value', '82');\nclickCloseButton();\n//Check that changes are not visible on the upper right corner of the page\nLoanAmountBadge().should('contain', '5000').click();\ncheckCalculatorModalVisibility();\n//Check if the changes made previously are discarded and the initial loan parameters are restored\nLoanAmountField().should('have.value', '5,000');\nLoanPeriodField().should('have.value', '60');",
              "err": {},
              "uuid": "02b8e3e6-05af-4f82-89f9-3a54462f3e81",
              "parentUUID": "50d4582b-771d-419c-93cc-e8e2f4cdb2ef",
              "isHook": false,
              "skipped": false
            }
          ],
          "suites": [],
          "passes": [
            "4ebbea76-0383-4187-b983-1b43f7df027e",
            "b447dd72-e07b-42fc-b0e1-9defdb52d923",
            "515a5601-6f48-4083-b829-ef5075ae8419",
            "7a9c732d-beb4-4673-83ae-a72fd1cb47bd",
            "a2ae7178-4958-4efe-ad52-35522673c2f4",
            "273a1fba-4e8e-43cc-95d4-66dbf7948784",
            "7eeb2666-b581-4c3c-891f-2b08f26816b5",
            "9db9270a-4636-489f-aaf6-980c706a1fe6",
            "02b8e3e6-05af-4f82-89f9-3a54462f3e81"
          ],
          "failures": [],
          "pending": [],
          "skipped": [],
          "duration": 16547,
          "root": false,
          "rootEmpty": false,
          "_timeout": 2000
        }
      ],
      "passes": [],
      "failures": [],
      "pending": [],
      "skipped": [],
      "duration": 0,
      "root": true,
      "rootEmpty": true,
      "_timeout": 2000
    }
  ],
  "meta": {
    "mocha": {
      "version": "7.0.1"
    },
    "mochawesome": {
      "options": {
        "quiet": false,
        "reportFilename": "mochawesome-report",
        "saveHtml": true,
        "saveJson": true,
        "consoleReporter": "spec",
        "useInlineDiffs": false,
        "code": true
      },
      "version": "7.1.3"
    },
    "marge": {
      "options": {
        "reportFilename": "mochawesome-report"
      },
      "version": "6.2.0"
    }
  }
}